<?xml version="1.0" encoding="UTF-8"?>
<!-- Generated by org.testng.reporters.JUnitReportReporter -->
<testsuite name="com.base.Implementation" tests="4" time="72.759" ignored="0" failures="0" timestamp="02 Aug 2022 06:46:37 GMT" skipped="0" hostname="DESKTOP-TNE954T" errors="0">
  <testcase name="tc0" time="20.646" classname="com.base.Implementation"/>
  <testcase name="tc0" time="18.703" classname="com.base.Implementation"/>
  <testcase name="tc0" time="18.663" classname="com.base.Implementation"/>
  <testcase name="tc0" time="14.747" classname="com.base.Implementation"/>
</testsuite> <!-- com.base.Implementation -->
